TN:
SF:src\app\components\error-banner\error-banner.component.html
FNF:0
FNH:0
DA:1,1
LF:1
LH:1
BRF:0
BRH:0
end_of_record
TN:
SF:src\app\components\error-banner\error-banner.component.ts
FN:24,(anonymous_0)
FN:29,(anonymous_1)
FN:30,(anonymous_2)
FNF:3
FNH:0
FNDA:0,(anonymous_0)
FNDA:0,(anonymous_1)
FNDA:0,(anonymous_2)
DA:1,1
DA:2,1
DA:15,1
DA:16,0
DA:17,0
DA:19,0
DA:20,0
DA:21,0
DA:22,0
DA:25,0
DA:26,0
DA:29,0
DA:30,0
LF:13
LH:3
BRDA:25,0,0,0
BRDA:25,0,1,0
BRDA:26,1,0,0
BRDA:26,1,1,0
BRDA:30,2,0,0
BRF:5
BRH:0
end_of_record
TN:
SF:src\app\components\footer\footer.component.html
FNF:0
FNH:0
DA:1,1
LF:1
LH:1
BRF:0
BRH:0
end_of_record
TN:
SF:src\app\components\footer\footer.component.ts
FNF:0
FNH:0
DA:1,1
DA:10,1
DA:11,1
LF:3
LH:3
BRF:0
BRH:0
end_of_record
TN:
SF:src\app\pages\events\events.component.html
FNF:0
FNH:0
DA:1,1
LF:1
LH:1
BRF:0
BRH:0
end_of_record
TN:
SF:src\app\pages\events\events.component.ts
FN:60,(anonymous_0)
FN:61,(anonymous_1)
FN:65,(anonymous_2)
FN:69,(anonymous_3)
FN:73,(anonymous_4)
FN:75,(anonymous_5)
FN:78,(anonymous_6)
FN:81,(anonymous_7)
FN:89,(anonymous_8)
FN:93,(anonymous_9)
FN:98,(anonymous_10)
FN:103,(anonymous_11)
FN:111,(anonymous_12)
FN:112,(anonymous_13)
FN:115,(anonymous_14)
FN:127,(anonymous_15)
FN:129,(anonymous_16)
FN:137,(anonymous_17)
FN:144,(anonymous_18)
FN:145,(anonymous_19)
FN:151,(anonymous_20)
FN:152,(anonymous_21)
FN:157,(anonymous_22)
FN:163,(anonymous_23)
FN:164,(anonymous_24)
FN:169,(anonymous_25)
FN:174,(anonymous_26)
FN:176,(anonymous_27)
FN:181,(anonymous_28)
FN:187,(anonymous_29)
FN:205,(anonymous_30)
FNF:31
FNH:0
FNDA:0,(anonymous_0)
FNDA:0,(anonymous_1)
FNDA:0,(anonymous_2)
FNDA:0,(anonymous_3)
FNDA:0,(anonymous_4)
FNDA:0,(anonymous_5)
FNDA:0,(anonymous_6)
FNDA:0,(anonymous_7)
FNDA:0,(anonymous_8)
FNDA:0,(anonymous_9)
FNDA:0,(anonymous_10)
FNDA:0,(anonymous_11)
FNDA:0,(anonymous_12)
FNDA:0,(anonymous_13)
FNDA:0,(anonymous_14)
FNDA:0,(anonymous_15)
FNDA:0,(anonymous_16)
FNDA:0,(anonymous_17)
FNDA:0,(anonymous_18)
FNDA:0,(anonymous_19)
FNDA:0,(anonymous_20)
FNDA:0,(anonymous_21)
FNDA:0,(anonymous_22)
FNDA:0,(anonymous_23)
FNDA:0,(anonymous_24)
FNDA:0,(anonymous_25)
FNDA:0,(anonymous_26)
FNDA:0,(anonymous_27)
FNDA:0,(anonymous_28)
FNDA:0,(anonymous_29)
FNDA:0,(anonymous_30)
DA:1,1
DA:2,1
DA:3,1
DA:4,1
DA:6,1
DA:7,1
DA:8,1
DA:9,1
DA:10,1
DA:13,1
DA:15,1
DA:16,1
DA:17,1
DA:18,1
DA:32,1
DA:33,1
DA:34,1
DA:35,0
DA:36,0
DA:38,0
DA:39,0
DA:40,0
DA:41,0
DA:42,0
DA:43,0
DA:44,0
DA:46,0
DA:47,0
DA:50,0
DA:60,0
DA:61,0
DA:65,0
DA:70,0
DA:76,0
DA:78,0
DA:79,0
DA:80,0
DA:81,0
DA:82,0
DA:84,0
DA:85,0
DA:94,0
DA:95,0
DA:99,0
DA:100,0
DA:104,0
DA:106,0
DA:107,0
DA:112,0
DA:113,0
DA:114,0
DA:115,0
DA:123,0
DA:124,0
DA:128,0
DA:129,0
DA:130,0
DA:131,0
DA:139,0
DA:140,0
DA:141,0
DA:143,0
DA:145,0
DA:146,0
DA:147,0
DA:148,0
DA:152,0
DA:158,0
DA:159,0
DA:160,0
DA:161,0
DA:162,0
DA:164,0
DA:165,0
DA:166,0
DA:169,0
DA:170,0
DA:171,0
DA:175,0
DA:176,0
DA:183,0
DA:184,0
DA:188,0
DA:189,0
DA:190,0
DA:197,0
DA:198,0
DA:206,0
DA:207,0
LF:89
LH:17
BRDA:76,0,0,0
BRDA:94,1,0,0
BRDA:99,2,0,0
BRDA:99,2,1,0
BRDA:104,3,0,0
BRDA:104,3,1,0
BRDA:113,4,0,0
BRDA:113,4,1,0
BRDA:113,5,0,0
BRDA:113,5,1,0
BRDA:114,6,0,0
BRDA:114,6,1,0
BRDA:146,7,0,0
BRDA:146,7,1,0
BRDA:165,8,0,0
BRDA:165,8,1,0
BRDA:165,9,0,0
BRDA:165,9,1,0
BRDA:166,10,0,0
BRDA:166,10,1,0
BRDA:188,11,0,0
BRDA:190,12,0,0
BRDA:190,12,1,0
BRDA:197,13,0,0
BRDA:197,13,1,0
BRF:25
BRH:0
end_of_record
TN:
SF:src\app\pages\events\events.service.ts
FN:16,(anonymous_0)
FN:18,(anonymous_1)
FN:28,(anonymous_2)
FN:52,(anonymous_3)
FN:59,(anonymous_4)
FN:63,(anonymous_5)
FN:67,(anonymous_6)
FN:71,(anonymous_7)
FN:76,(anonymous_8)
FN:81,(anonymous_9)
FN:84,(anonymous_10)
FN:87,(anonymous_11)
FNF:12
FNH:0
FNDA:0,(anonymous_0)
FNDA:0,(anonymous_1)
FNDA:0,(anonymous_2)
FNDA:0,(anonymous_3)
FNDA:0,(anonymous_4)
FNDA:0,(anonymous_5)
FNDA:0,(anonymous_6)
FNDA:0,(anonymous_7)
FNDA:0,(anonymous_8)
FNDA:0,(anonymous_9)
FNDA:0,(anonymous_10)
FNDA:0,(anonymous_11)
DA:1,1
DA:2,1
DA:3,1
DA:4,1
DA:8,1
DA:9,1
DA:10,0
DA:11,0
DA:13,0
DA:14,0
DA:16,0
DA:19,0
DA:24,0
DA:29,0
DA:30,0
DA:31,0
DA:32,0
DA:34,0
DA:35,0
DA:36,0
DA:37,0
DA:38,0
DA:39,0
DA:40,0
DA:41,0
DA:42,0
DA:43,0
DA:44,0
DA:46,0
DA:47,0
DA:49,0
DA:53,0
DA:54,0
DA:55,0
DA:56,0
DA:60,0
DA:64,0
DA:68,0
DA:72,0
DA:77,0
DA:82,0
DA:85,0
DA:88,0
LF:43
LH:6
BRDA:20,0,0,0
BRDA:20,0,1,0
BRDA:21,1,0,0
BRDA:21,1,1,0
BRDA:31,2,0,0
BRDA:31,3,0,0
BRDA:31,3,1,0
BRDA:36,4,0,0
BRDA:36,4,1,0
BRDA:39,5,0,0
BRDA:39,5,1,0
BRDA:42,6,0,0
BRDA:47,7,0,0
BRDA:49,8,0,0
BRDA:49,8,1,0
BRDA:52,9,0,0
BRDA:55,10,0,0
BRDA:76,11,0,0
BRF:18
BRH:0
end_of_record
TN:
SF:src\app\shared\api-error.ts
FN:18,parseApiError
FN:30,(anonymous_1)
FN:38,formatApiError
FN:47,(anonymous_3)
FN:66,safeString
FN:70,safeNumber
FNF:6
FNH:0
FNDA:0,parseApiError
FNDA:0,(anonymous_1)
FNDA:0,formatApiError
FNDA:0,(anonymous_3)
FNDA:0,safeString
FNDA:0,safeNumber
DA:18,1
DA:19,0
DA:20,0
DA:21,0
DA:30,0
DA:33,0
DA:35,0
DA:38,1
DA:39,0
DA:40,0
DA:41,0
DA:42,0
DA:43,0
DA:44,0
DA:45,0
DA:47,0
DA:50,0
DA:51,0
DA:53,0
DA:54,0
DA:55,0
DA:58,0
DA:59,0
DA:60,0
DA:62,0
DA:67,0
DA:71,0
DA:72,0
LF:28
LH:2
BRDA:19,0,0,0
BRDA:19,0,1,0
BRDA:20,1,0,0
BRDA:20,2,0,0
BRDA:20,2,1,0
BRDA:20,2,2,0
BRDA:20,2,3,0
BRDA:20,2,4,0
BRDA:20,2,5,0
BRDA:29,3,0,0
BRDA:29,3,1,0
BRDA:41,4,0,0
BRDA:43,5,0,0
BRDA:44,6,0,0
BRDA:44,7,0,0
BRDA:44,7,1,0
BRDA:47,8,0,0
BRDA:47,8,1,0
BRDA:50,9,0,0
BRDA:51,10,0,0
BRDA:53,11,0,0
BRDA:53,12,0,0
BRDA:53,12,1,0
BRDA:54,13,0,0
BRDA:54,14,0,0
BRDA:54,14,1,0
BRDA:55,15,0,0
BRDA:55,15,1,0
BRDA:58,16,0,0
BRDA:59,17,0,0
BRDA:67,18,0,0
BRDA:67,18,1,0
BRDA:71,19,0,0
BRDA:71,19,1,0
BRDA:71,20,0,0
BRDA:71,20,1,0
BRDA:72,21,0,0
BRDA:72,21,1,0
BRF:38
BRH:0
end_of_record
TN:
SF:src\app\shared\api-tokens.ts
FN:7,(anonymous_0)
FN:15,(anonymous_1)
FN:20,(anonymous_2)
FN:25,(anonymous_3)
FN:28,buildApiUrl
FN:29,(anonymous_5)
FN:30,(anonymous_6)
FN:39,apiProvidersFromRuntime
FNF:8
FNH:0
FNDA:0,(anonymous_0)
FNDA:0,(anonymous_1)
FNDA:0,(anonymous_2)
FNDA:0,(anonymous_3)
FNDA:0,buildApiUrl
FNDA:0,(anonymous_5)
FNDA:0,(anonymous_6)
FNDA:0,apiProvidersFromRuntime
DA:1,1
DA:3,1
DA:5,1
DA:9,0
DA:13,1
DA:15,0
DA:18,1
DA:20,0
DA:23,1
DA:25,0
DA:28,1
DA:29,0
DA:30,0
DA:31,0
DA:32,0
DA:33,0
DA:35,0
DA:36,0
DA:39,1
DA:40,0
DA:41,0
DA:42,0
DA:43,0
LF:23
LH:8
BRDA:15,0,0,0
BRDA:15,0,1,0
BRDA:20,1,0,0
BRDA:20,1,1,0
BRDA:29,2,0,0
BRDA:29,2,1,0
BRDA:30,3,0,0
BRDA:30,3,1,0
BRDA:32,4,0,0
BRDA:32,4,1,0
BRDA:33,5,0,0
BRDA:33,5,1,0
BRDA:35,6,0,0
BRDA:35,6,1,0
BRDA:35,7,0,0
BRDA:35,7,1,0
BRDA:35,8,0,0
BRDA:35,8,1,0
BRDA:36,9,0,0
BRDA:36,9,1,0
BRDA:40,10,0,0
BRDA:40,10,1,0
BRDA:41,11,0,0
BRDA:41,11,1,0
BRDA:42,12,0,0
BRDA:42,12,1,0
BRF:26
BRH:0
end_of_record
TN:
SF:src\environments\environment.ts
FNF:0
FNH:0
DA:1,1
LF:1
LH:1
BRF:0
BRH:0
end_of_record
